<?xml version="1.0" encoding="UTF-8"?>
<!-- Generated by org.testng.reporters.JUnitXMLReporter -->
<testsuite ignored="0" hostname="DESKTOP-IHJP9RL" failures="3" tests="7" name="edgeTest" time="55.109" errors="0" timestamp="2026-06-13T21:03:48 IST">
  <testcase classname="testCase.TC_001_AccountRegristrationPage" name="verify_Account_Regristration" time="2.831"/>
  <testcase classname="testCase.TC_002_LoginTest" name="verify_Login" time="2.33"/>
  <testcase classname="testCase.TC_003_LOGIN_DDT" name="verify_loginDDT" time="12.846">
    <failure type="java.lang.AssertionError" message="expected [true] but found [false]">
      <![CDATA[java.lang.AssertionError: expected [true] but found [false]
at testCase.TC_003_LOGIN_DDT.verify_loginDDT(TC_003_LOGIN_DDT.java:40)
at java.base/java.util.ArrayList.forEach(ArrayList.java:1596)
... Removed 33 stack frames]]>
    </failure>
  </testcase> <!-- verify_loginDDT -->
  <testcase classname="testCase.TC_003_LOGIN_DDT" name="verify_loginDDT" time="2.891">
    <failure type="java.lang.AssertionError" message="expected [true] but found [false]">
      <![CDATA[java.lang.AssertionError: expected [true] but found [false]
at testCase.TC_003_LOGIN_DDT.verify_loginDDT(TC_003_LOGIN_DDT.java:47)
at java.base/java.util.ArrayList.forEach(ArrayList.java:1596)
... Removed 33 stack frames]]>
    </failure>
  </testcase> <!-- verify_loginDDT -->
  <testcase classname="testCase.TC_003_LOGIN_DDT" name="verify_loginDDT" time="2.922">
    <failure type="java.lang.AssertionError" message="expected [true] but found [false]">
      <![CDATA[java.lang.AssertionError: expected [true] but found [false]
at testCase.TC_003_LOGIN_DDT.verify_loginDDT(TC_003_LOGIN_DDT.java:47)
at java.base/java.util.ArrayList.forEach(ArrayList.java:1596)
... Removed 33 stack frames]]>
    </failure>
  </testcase> <!-- verify_loginDDT -->
  <testcase classname="testCase.TC_003_LOGIN_DDT" name="verify_loginDDT" time="12.897"/>
  <testcase classname="testCase.TC_003_LOGIN_DDT" name="verify_loginDDT" time="2.543"/>
</testsuite> <!-- edgeTest -->
