<?xml version="1.0" encoding="UTF-8"?>
<testng-results ignored="0" total="2" passed="2" failed="0" skipped="0">
  <reporter-output>
  </reporter-output>
  <suite started-at="2026-06-13T09:41:28 IST" name="Master Suite" finished-at="2026-06-13T09:41:45 IST" duration-ms="16274">
    <groups>
      <group name="Master">
        <method signature="TC_001_AccountRegristrationPage.verify_Account_Regristration()[pri:0, instance:testCase.TC_001_AccountRegristrationPage@175b9425]" name="verify_Account_Regristration" class="testCase.TC_001_AccountRegristrationPage"/>
      </group> <!-- Master -->
      <group name="Sanity">
        <method signature="TC_002_LoginTest.verify_Login()[pri:0, instance:testCase.TC_002_LoginTest@5609159b]" name="verify_Login" class="testCase.TC_002_LoginTest"/>
      </group> <!-- Sanity -->
      <group name="Regression">
        <method signature="TC_001_AccountRegristrationPage.verify_Account_Regristration()[pri:0, instance:testCase.TC_001_AccountRegristrationPage@175b9425]" name="verify_Account_Regristration" class="testCase.TC_001_AccountRegristrationPage"/>
      </group> <!-- Regression -->
    </groups>
    <test started-at="2026-06-13T09:41:28 IST" name="edgeTest" finished-at="2026-06-13T09:41:45 IST" duration-ms="16274">
      <class name="testCase.TC_001_AccountRegristrationPage">
        <test-method is-config="true" signature="setUp(java.lang.String,java.lang.String)[pri:0, instance:testCase.TC_001_AccountRegristrationPage@175b9425]" started-at="2026-06-13T09:41:28 IST" name="setUp" finished-at="2026-06-13T09:41:33 IST" duration-ms="4843" status="PASS">
          <params>
            <param index="0">
              <value>
                <![CDATA[windows]]>
              </value>
            </param>
            <param index="1">
              <value>
                <![CDATA[chrome]]>
              </value>
            </param>
          </params>
          <reporter-output>
          </reporter-output>
        </test-method> <!-- setUp -->
        <test-method signature="verify_Account_Regristration()[pri:0, instance:testCase.TC_001_AccountRegristrationPage@175b9425]" started-at="2026-06-13T09:41:33 IST" name="verify_Account_Regristration" finished-at="2026-06-13T09:41:37 IST" duration-ms="4141" status="PASS">
          <reporter-output>
          </reporter-output>
        </test-method> <!-- verify_Account_Regristration -->
        <test-method is-config="true" signature="tearDown()[pri:0, instance:testCase.TC_001_AccountRegristrationPage@175b9425]" started-at="2026-06-13T09:41:37 IST" name="tearDown" finished-at="2026-06-13T09:41:38 IST" duration-ms="577" status="PASS">
          <reporter-output>
          </reporter-output>
        </test-method> <!-- tearDown -->
      </class> <!-- testCase.TC_001_AccountRegristrationPage -->
      <class name="testCase.TC_002_LoginTest">
        <test-method is-config="true" signature="setUp(java.lang.String,java.lang.String)[pri:0, instance:testCase.TC_002_LoginTest@5609159b]" started-at="2026-06-13T09:41:38 IST" name="setUp" finished-at="2026-06-13T09:41:41 IST" duration-ms="3210" status="PASS">
          <params>
            <param index="0">
              <value>
                <![CDATA[windows]]>
              </value>
            </param>
            <param index="1">
              <value>
                <![CDATA[chrome]]>
              </value>
            </param>
          </params>
          <reporter-output>
          </reporter-output>
        </test-method> <!-- setUp -->
        <test-method signature="verify_Login()[pri:0, instance:testCase.TC_002_LoginTest@5609159b]" started-at="2026-06-13T09:41:41 IST" name="verify_Login" finished-at="2026-06-13T09:41:44 IST" duration-ms="2759" status="PASS">
          <reporter-output>
          </reporter-output>
        </test-method> <!-- verify_Login -->
        <test-method is-config="true" signature="tearDown()[pri:0, instance:testCase.TC_002_LoginTest@5609159b]" started-at="2026-06-13T09:41:44 IST" name="tearDown" finished-at="2026-06-13T09:41:45 IST" duration-ms="609" status="PASS">
          <reporter-output>
          </reporter-output>
        </test-method> <!-- tearDown -->
      </class> <!-- testCase.TC_002_LoginTest -->
    </test> <!-- edgeTest -->
  </suite> <!-- Master Suite -->
</testng-results>
